<?xml version="1.0" encoding="UTF-8"?>
<!-- Generated by org.testng.reporters.JUnitXMLReporter -->
<testsuite ignored="0" hostname="LAPTOP-Q5PI5ONK" failures="0" tests="3" name="Test" time="103.067" errors="0" timestamp="02 Nov 2020 15:19:55 GMT">
  <testcase classname="com.gmail.testCase.LoginTestCRM" name="loginApp" time="0.781"/>
  <testcase classname="com.gmail.testCase.LoginTestCRM" name="mailCount" time="0.128"/>
  <testcase classname="com.gmail.testCase.LoginTestCRM" name="sender" time="0.801"/>
</testsuite> <!-- Test -->
