<?xml version="1.0" encoding="UTF-8"?>
<testng-results ignored="0" total="3" passed="3" failed="0" skipped="0">
  <reporter-output>
  </reporter-output>
  <suite started-at="2020-11-02T15:18:11Z" name="Suite" finished-at="2020-11-02T15:19:54Z" duration-ms="103067">
    <groups>
    </groups>
    <test started-at="2020-11-02T15:18:11Z" name="Test" finished-at="2020-11-02T15:19:54Z" duration-ms="103067">
      <class name="com.gmail.testCase.LoginTestCRM">
        <test-method is-config="true" signature="setUpSuite()[pri:0, instance:com.gmail.testCase.LoginTestCRM@53aac487]" started-at="2020-11-02T20:48:11Z" name="setUpSuite" finished-at="2020-11-02T20:48:11Z" duration-ms="221" status="PASS">
          <reporter-output>
          </reporter-output>
        </test-method> <!-- setUpSuite -->
        <test-method is-config="true" signature="configBeforeClass()[pri:0, instance:com.gmail.testCase.LoginTestCRM@53aac487]" started-at="2020-11-02T20:48:11Z" name="configBeforeClass" finished-at="2020-11-02T20:48:24Z" duration-ms="13032" status="PASS">
          <reporter-output>
          </reporter-output>
        </test-method> <!-- configBeforeClass -->
        <test-method is-config="true" signature="configBeforeMtd()[pri:0, instance:com.gmail.testCase.LoginTestCRM@53aac487]" started-at="2020-11-02T20:48:24Z" name="configBeforeMtd" finished-at="2020-11-02T20:48:46Z" duration-ms="21602" status="PASS">
          <reporter-output>
          </reporter-output>
        </test-method> <!-- configBeforeMtd -->
        <test-method signature="loginApp()[pri:0, instance:com.gmail.testCase.LoginTestCRM@53aac487]" started-at="2020-11-02T20:48:46Z" name="loginApp" finished-at="2020-11-02T20:48:47Z" duration-ms="781" status="PASS">
          <reporter-output>
          </reporter-output>
        </test-method> <!-- loginApp -->
        <test-method is-config="true" signature="configAfterMtd(org.testng.ITestResult)[pri:0, instance:com.gmail.testCase.LoginTestCRM@53aac487]" started-at="2020-11-02T20:48:47Z" name="configAfterMtd" finished-at="2020-11-02T20:48:57Z" duration-ms="10792" status="PASS">
          <params>
            <param index="0">
              <value>
                <![CDATA[[TestResult name=loginApp status=SUCCESS method=LoginTestCRM.loginApp()[pri:0, instance:com.gmail.testCase.LoginTestCRM@53aac487] output={null}]]]>
              </value>
            </param>
          </params>
          <reporter-output>
          </reporter-output>
        </test-method> <!-- configAfterMtd -->
        <test-method is-config="true" signature="configBeforeMtd()[pri:0, instance:com.gmail.testCase.LoginTestCRM@53aac487]" started-at="2020-11-02T20:48:57Z" name="configBeforeMtd" finished-at="2020-11-02T20:49:16Z" duration-ms="18511" status="PASS">
          <reporter-output>
          </reporter-output>
        </test-method> <!-- configBeforeMtd -->
        <test-method signature="mailCount()[pri:0, instance:com.gmail.testCase.LoginTestCRM@53aac487]" started-at="2020-11-02T20:49:16Z" name="mailCount" finished-at="2020-11-02T20:49:16Z" duration-ms="128" status="PASS">
          <reporter-output>
          </reporter-output>
        </test-method> <!-- mailCount -->
        <test-method is-config="true" signature="configAfterMtd(org.testng.ITestResult)[pri:0, instance:com.gmail.testCase.LoginTestCRM@53aac487]" started-at="2020-11-02T20:49:16Z" name="configAfterMtd" finished-at="2020-11-02T20:49:26Z" duration-ms="9817" status="PASS">
          <params>
            <param index="0">
              <value>
                <![CDATA[[TestResult name=mailCount status=SUCCESS method=LoginTestCRM.mailCount()[pri:0, instance:com.gmail.testCase.LoginTestCRM@53aac487] output={null}]]]>
              </value>
            </param>
          </params>
          <reporter-output>
          </reporter-output>
        </test-method> <!-- configAfterMtd -->
        <test-method is-config="true" signature="configBeforeMtd()[pri:0, instance:com.gmail.testCase.LoginTestCRM@53aac487]" started-at="2020-11-02T20:49:26Z" name="configBeforeMtd" finished-at="2020-11-02T20:49:43Z" duration-ms="16992" status="PASS">
          <reporter-output>
          </reporter-output>
        </test-method> <!-- configBeforeMtd -->
        <test-method signature="sender()[pri:0, instance:com.gmail.testCase.LoginTestCRM@53aac487]" started-at="2020-11-02T20:49:43Z" name="sender" finished-at="2020-11-02T20:49:44Z" duration-ms="801" status="PASS">
          <reporter-output>
          </reporter-output>
        </test-method> <!-- sender -->
        <test-method is-config="true" signature="configAfterMtd(org.testng.ITestResult)[pri:0, instance:com.gmail.testCase.LoginTestCRM@53aac487]" started-at="2020-11-02T20:49:44Z" name="configAfterMtd" finished-at="2020-11-02T20:49:53Z" duration-ms="9721" status="PASS">
          <params>
            <param index="0">
              <value>
                <![CDATA[[TestResult name=sender status=SUCCESS method=LoginTestCRM.sender()[pri:0, instance:com.gmail.testCase.LoginTestCRM@53aac487] output={null}]]]>
              </value>
            </param>
          </params>
          <reporter-output>
          </reporter-output>
        </test-method> <!-- configAfterMtd -->
        <test-method is-config="true" signature="configAfterClass()[pri:0, instance:com.gmail.testCase.LoginTestCRM@53aac487]" started-at="2020-11-02T20:49:53Z" name="configAfterClass" finished-at="2020-11-02T20:49:54Z" duration-ms="863" status="PASS">
          <reporter-output>
          </reporter-output>
        </test-method> <!-- configAfterClass -->
      </class> <!-- com.gmail.testCase.LoginTestCRM -->
    </test> <!-- Test -->
  </suite> <!-- Suite -->
</testng-results>
