<?xml version="1.0" encoding="UTF-8"?>
<!-- Generated by org.testng.reporters.JUnitXMLReporter -->
<testsuite ignored="0" hostname="LAPTOP-Q5PI5ONK" failures="0" tests="3" name="Default test" time="94.128" errors="0" timestamp="25 Oct 2020 22:36:51 GMT">
  <testcase classname="com.learnAutomation.testCase.LoginTestCRM" name="loginApp" time="0.177"/>
  <testcase classname="com.learnAutomation.testCase.LoginTestCRM" name="mailCount" time="0.036"/>
  <testcase classname="com.learnAutomation.testCase.LoginTestCRM" name="sender" time="0.247"/>
</testsuite> <!-- Default test -->
